<?xml version="1.0" encoding="UTF-8"?>
<testsuite name="com.mygroup.project.dao.StudentDaoTest" tests="5" skipped="0" failures="0" errors="0" timestamp="2021-10-15T00:03:36" hostname="DESKTOP-AXUENNI" time="0.124">
  <properties/>
  <testcase name="testDeleteStudentDao on null(com.mygroup.project.dao.StudentDaoTest)" classname="com.mygroup.project.dao.StudentDaoTest" time="0.022"/>
  <testcase name="testGetStudentDao on null(com.mygroup.project.dao.StudentDaoTest)" classname="com.mygroup.project.dao.StudentDaoTest" time="0.01"/>
  <testcase name="testListStudentDao on null(com.mygroup.project.dao.StudentDaoTest)" classname="com.mygroup.project.dao.StudentDaoTest" time="0.04"/>
  <testcase name="testSaveStudentDao on null(com.mygroup.project.dao.StudentDaoTest)" classname="com.mygroup.project.dao.StudentDaoTest" time="0.019"/>
  <testcase name="testUpdateStudentDao on null(com.mygroup.project.dao.StudentDaoTest)" classname="com.mygroup.project.dao.StudentDaoTest" time="0.027"/>
  <system-out><![CDATA[Hibernate: alter table if exists students drop constraint if exists FKmsev1nou0j86spuk5jrv19mss
Hibernate: drop table if exists groups cascade
Hibernate: drop table if exists students cascade
Hibernate: create table groups (id int8 generated by default as identity, create_date timestamp, title varchar(255), primary key (id))
Hibernate: create table students (id int8 generated by default as identity, average_Rank float8, create_date timestamp, first_name varchar(255), last_name varchar(255), group_id int8, primary key (id))
Hibernate: alter table if exists students add constraint FKmsev1nou0j86spuk5jrv19mss foreign key (group_id) references groups
Hibernate: insert into students (average_Rank, create_date, first_name, group_id, last_name) values (?, ?, ?, ?, ?)
Hibernate: select student0_.id as id1_1_0_, student0_.average_Rank as average_2_1_0_, student0_.create_date as create_d3_1_0_, student0_.first_name as first_na4_1_0_, student0_.group_id as group_id6_1_0_, student0_.last_name as last_nam5_1_0_, group1_.id as id1_0_1_, group1_.create_date as create_d2_0_1_, group1_.title as title3_0_1_ from students student0_ left outer join groups group1_ on student0_.group_id=group1_.id where student0_.id=?
Hibernate: select student0_.id as id1_1_0_, student0_.average_Rank as average_2_1_0_, student0_.create_date as create_d3_1_0_, student0_.first_name as first_na4_1_0_, student0_.group_id as group_id6_1_0_, student0_.last_name as last_nam5_1_0_, group1_.id as id1_0_1_, group1_.create_date as create_d2_0_1_, group1_.title as title3_0_1_ from students student0_ left outer join groups group1_ on student0_.group_id=group1_.id where student0_.id=?
Hibernate: delete from students where id=?
Hibernate: select student0_.id as id1_1_0_, student0_.average_Rank as average_2_1_0_, student0_.create_date as create_d3_1_0_, student0_.first_name as first_na4_1_0_, student0_.group_id as group_id6_1_0_, student0_.last_name as last_nam5_1_0_, group1_.id as id1_0_1_, group1_.create_date as create_d2_0_1_, group1_.title as title3_0_1_ from students student0_ left outer join groups group1_ on student0_.group_id=group1_.id where student0_.id=?
Hibernate: insert into students (average_Rank, create_date, first_name, group_id, last_name) values (?, ?, ?, ?, ?)
Hibernate: select student0_.id as id1_1_0_, student0_.average_Rank as average_2_1_0_, student0_.create_date as create_d3_1_0_, student0_.first_name as first_na4_1_0_, student0_.group_id as group_id6_1_0_, student0_.last_name as last_nam5_1_0_, group1_.id as id1_0_1_, group1_.create_date as create_d2_0_1_, group1_.title as title3_0_1_ from students student0_ left outer join groups group1_ on student0_.group_id=group1_.id where student0_.id=?
Hibernate: select student0_.id as id1_1_0_, student0_.average_Rank as average_2_1_0_, student0_.create_date as create_d3_1_0_, student0_.first_name as first_na4_1_0_, student0_.group_id as group_id6_1_0_, student0_.last_name as last_nam5_1_0_, group1_.id as id1_0_1_, group1_.create_date as create_d2_0_1_, group1_.title as title3_0_1_ from students student0_ left outer join groups group1_ on student0_.group_id=group1_.id where student0_.id=?
Hibernate: delete from students where id=?
Hibernate: insert into students (average_Rank, create_date, first_name, group_id, last_name) values (?, ?, ?, ?, ?)
Hibernate: insert into students (average_Rank, create_date, first_name, group_id, last_name) values (?, ?, ?, ?, ?)
Hibernate: select student0_.id as id1_1_, student0_.average_Rank as average_2_1_, student0_.create_date as create_d3_1_, student0_.first_name as first_na4_1_, student0_.group_id as group_id6_1_, student0_.last_name as last_nam5_1_ from students student0_
Hibernate: select student0_.id as id1_1_0_, student0_.average_Rank as average_2_1_0_, student0_.create_date as create_d3_1_0_, student0_.first_name as first_na4_1_0_, student0_.group_id as group_id6_1_0_, student0_.last_name as last_nam5_1_0_, group1_.id as id1_0_1_, group1_.create_date as create_d2_0_1_, group1_.title as title3_0_1_ from students student0_ left outer join groups group1_ on student0_.group_id=group1_.id where student0_.id=?
Hibernate: delete from students where id=?
Hibernate: select student0_.id as id1_1_0_, student0_.average_Rank as average_2_1_0_, student0_.create_date as create_d3_1_0_, student0_.first_name as first_na4_1_0_, student0_.group_id as group_id6_1_0_, student0_.last_name as last_nam5_1_0_, group1_.id as id1_0_1_, group1_.create_date as create_d2_0_1_, group1_.title as title3_0_1_ from students student0_ left outer join groups group1_ on student0_.group_id=group1_.id where student0_.id=?
Hibernate: delete from students where id=?
Hibernate: insert into students (average_Rank, create_date, first_name, group_id, last_name) values (?, ?, ?, ?, ?)
Hibernate: select student0_.id as id1_1_0_, student0_.average_Rank as average_2_1_0_, student0_.create_date as create_d3_1_0_, student0_.first_name as first_na4_1_0_, student0_.group_id as group_id6_1_0_, student0_.last_name as last_nam5_1_0_, group1_.id as id1_0_1_, group1_.create_date as create_d2_0_1_, group1_.title as title3_0_1_ from students student0_ left outer join groups group1_ on student0_.group_id=group1_.id where student0_.id=?
Hibernate: select student0_.id as id1_1_0_, student0_.average_Rank as average_2_1_0_, student0_.create_date as create_d3_1_0_, student0_.first_name as first_na4_1_0_, student0_.group_id as group_id6_1_0_, student0_.last_name as last_nam5_1_0_, group1_.id as id1_0_1_, group1_.create_date as create_d2_0_1_, group1_.title as title3_0_1_ from students student0_ left outer join groups group1_ on student0_.group_id=group1_.id where student0_.id=?
Hibernate: delete from students where id=?
Hibernate: insert into students (average_Rank, create_date, first_name, group_id, last_name) values (?, ?, ?, ?, ?)
Hibernate: select student0_.id as id1_1_0_, student0_.average_Rank as average_2_1_0_, student0_.create_date as create_d3_1_0_, student0_.first_name as first_na4_1_0_, student0_.group_id as group_id6_1_0_, student0_.last_name as last_nam5_1_0_, group1_.id as id1_0_1_, group1_.create_date as create_d2_0_1_, group1_.title as title3_0_1_ from students student0_ left outer join groups group1_ on student0_.group_id=group1_.id where student0_.id=?
Hibernate: select student0_.id as id1_1_0_, student0_.average_Rank as average_2_1_0_, student0_.create_date as create_d3_1_0_, student0_.first_name as first_na4_1_0_, student0_.group_id as group_id6_1_0_, student0_.last_name as last_nam5_1_0_, group1_.id as id1_0_1_, group1_.create_date as create_d2_0_1_, group1_.title as title3_0_1_ from students student0_ left outer join groups group1_ on student0_.group_id=group1_.id where student0_.id=?
Hibernate: update students set average_Rank=?, create_date=?, first_name=?, group_id=?, last_name=? where id=?
Hibernate: select student0_.id as id1_1_0_, student0_.average_Rank as average_2_1_0_, student0_.create_date as create_d3_1_0_, student0_.first_name as first_na4_1_0_, student0_.group_id as group_id6_1_0_, student0_.last_name as last_nam5_1_0_, group1_.id as id1_0_1_, group1_.create_date as create_d2_0_1_, group1_.title as title3_0_1_ from students student0_ left outer join groups group1_ on student0_.group_id=group1_.id where student0_.id=?
Hibernate: select student0_.id as id1_1_0_, student0_.average_Rank as average_2_1_0_, student0_.create_date as create_d3_1_0_, student0_.first_name as first_na4_1_0_, student0_.group_id as group_id6_1_0_, student0_.last_name as last_nam5_1_0_, group1_.id as id1_0_1_, group1_.create_date as create_d2_0_1_, group1_.title as title3_0_1_ from students student0_ left outer join groups group1_ on student0_.group_id=group1_.id where student0_.id=?
Hibernate: delete from students where id=?
]]></system-out>
  <system-err><![CDATA[Oct 15, 2021 3:03:35 AM org.hibernate.c3p0.internal.C3P0ConnectionProvider configure
INFO: HHH010002: C3P0 using driver: org.postgresql.Driver at URL: jdbc:postgresql://localhost:5432/Group
Oct 15, 2021 3:03:35 AM org.hibernate.c3p0.internal.C3P0ConnectionProvider configure
INFO: HHH10001001: Connection properties: {password=****, user=postgres}
Oct 15, 2021 3:03:35 AM org.hibernate.c3p0.internal.C3P0ConnectionProvider configure
INFO: HHH10001003: Autocommit mode: false
Oct 15, 2021 3:03:35 AM org.hibernate.c3p0.internal.C3P0ConnectionProvider configure
INFO: HHH10001007: JDBC isolation level: <unknown>
Oct 15, 2021 3:03:35 AM com.mchange.v2.c3p0.impl.AbstractPoolBackedDataSource 
INFO: Initializing c3p0 pool... com.mchange.v2.c3p0.PoolBackedDataSource@5cbe516c [ connectionPoolDataSource -> com.mchange.v2.c3p0.WrapperConnectionPoolDataSource@c61a1bb3 [ acquireIncrement -> 1, acquireRetryAttempts -> 30, acquireRetryDelay -> 1000, autoCommitOnClose -> false, automaticTestTable -> null, breakAfterAcquireFailure -> false, checkoutTimeout -> 0, connectionCustomizerClassName -> null, connectionTesterClassName -> com.mchange.v2.c3p0.impl.DefaultConnectionTester, contextClassLoaderSource -> caller, debugUnreturnedConnectionStackTraces -> false, factoryClassLocation -> null, forceIgnoreUnresolvedTransactions -> false, forceSynchronousCheckins -> false, identityToken -> 1hge0yuakzv5gyufjb2d5|26d2a120, idleConnectionTestPeriod -> 0, initialPoolSize -> 5, maxAdministrativeTaskTime -> 0, maxConnectionAge -> 0, maxIdleTime -> 1800, maxIdleTimeExcessConnections -> 0, maxPoolSize -> 20, maxStatements -> 150, maxStatementsPerConnection -> 0, minPoolSize -> 5, nestedDataSource -> com.mchange.v2.c3p0.DriverManagerDataSource@d730032b [ description -> null, driverClass -> null, factoryClassLocation -> null, forceUseNamedDriverClass -> false, identityToken -> 1hge0yuakzv5gyufjb2d5|2ff8abcd, jdbcUrl -> jdbc:postgresql://localhost:5432/Group, properties -> {password=******, user=******} ], preferredTestQuery -> null, privilegeSpawnedThreads -> false, propertyCycle -> 0, statementCacheNumDeferredCloseThreads -> 0, testConnectionOnCheckin -> false, testConnectionOnCheckout -> false, unreturnedConnectionTimeout -> 0, usesTraditionalReflectiveProxies -> false; userOverrides: {} ], dataSourceName -> null, extensions -> {}, factoryClassLocation -> null, identityToken -> 1hge0yuakzv5gyufjb2d5|44f38cb1, numHelperThreads -> 3 ]
Oct 15, 2021 3:03:36 AM org.hibernate.dialect.Dialect <init>
INFO: HHH000400: Using dialect: org.hibernate.dialect.PostgreSQL10Dialect
Oct 15, 2021 3:03:36 AM org.hibernate.resource.transaction.backend.jdbc.internal.DdlTransactionIsolatorNonJtaImpl getIsolatedConnection
INFO: HHH10001501: Connection obtained from JdbcConnectionAccess [org.hibernate.engine.jdbc.env.internal.JdbcEnvironmentInitiator$ConnectionProviderJdbcConnectionAccess@992c768] for (non-JTA) DDL execution was not in auto-commit mode; the Connection 'local transaction' will be committed and the Connection will be set into auto-commit mode.
Oct 15, 2021 3:03:36 AM org.hibernate.resource.transaction.backend.jdbc.internal.DdlTransactionIsolatorNonJtaImpl getIsolatedConnection
INFO: HHH10001501: Connection obtained from JdbcConnectionAccess [org.hibernate.engine.jdbc.env.internal.JdbcEnvironmentInitiator$ConnectionProviderJdbcConnectionAccess@487b9bd3] for (non-JTA) DDL execution was not in auto-commit mode; the Connection 'local transaction' will be committed and the Connection will be set into auto-commit mode.
Oct 15, 2021 3:03:36 AM org.hibernate.engine.transaction.jta.platform.internal.JtaPlatformInitiator initiateService
INFO: HHH000490: Using JtaPlatform implementation: [org.hibernate.engine.transaction.jta.platform.internal.NoJtaPlatform]
]]></system-err>
</testsuite>
