<?xml version="1.0" encoding="UTF-8"?>
<testsuite name="com.mygroup.project.service.StudentServiceTest" tests="5" skipped="0" failures="0" errors="0" timestamp="2021-10-16T22:43:28" hostname="DESKTOP-AXUENNI" time="0.002">
  <properties/>
  <testcase name="testDeleteStudentService on null(com.mygroup.project.service.StudentServiceTest)" classname="com.mygroup.project.service.StudentServiceTest" time="0.001"/>
  <testcase name="testGetStudentService on null(com.mygroup.project.service.StudentServiceTest)" classname="com.mygroup.project.service.StudentServiceTest" time="0.001"/>
  <testcase name="testListStudentService on null(com.mygroup.project.service.StudentServiceTest)" classname="com.mygroup.project.service.StudentServiceTest" time="0.0"/>
  <testcase name="testSaveStudentService on null(com.mygroup.project.service.StudentServiceTest)" classname="com.mygroup.project.service.StudentServiceTest" time="0.0"/>
  <testcase name="testUpdateStudentService on null(com.mygroup.project.service.StudentServiceTest)" classname="com.mygroup.project.service.StudentServiceTest" time="0.0"/>
  <system-out><![CDATA[]]></system-out>
  <system-err><![CDATA[Oct 17, 2021 1:43:28 AM org.hibernate.c3p0.internal.C3P0ConnectionProvider configure
INFO: HHH010002: C3P0 using driver: org.postgresql.Driver at URL: jdbc:postgresql://localhost:5432/Group
Oct 17, 2021 1:43:28 AM org.hibernate.c3p0.internal.C3P0ConnectionProvider configure
INFO: HHH10001001: Connection properties: {password=****, user=postgres}
Oct 17, 2021 1:43:28 AM org.hibernate.c3p0.internal.C3P0ConnectionProvider configure
INFO: HHH10001003: Autocommit mode: false
Oct 17, 2021 1:43:28 AM org.hibernate.c3p0.internal.C3P0ConnectionProvider configure
INFO: HHH10001007: JDBC isolation level: <unknown>
Oct 17, 2021 1:43:28 AM com.mchange.v2.c3p0.impl.AbstractPoolBackedDataSource 
INFO: Initializing c3p0 pool... com.mchange.v2.c3p0.PoolBackedDataSource@d3b263bd [ connectionPoolDataSource -> com.mchange.v2.c3p0.WrapperConnectionPoolDataSource@32ee492f [ acquireIncrement -> 1, acquireRetryAttempts -> 30, acquireRetryDelay -> 1000, autoCommitOnClose -> false, automaticTestTable -> null, breakAfterAcquireFailure -> false, checkoutTimeout -> 0, connectionCustomizerClassName -> null, connectionTesterClassName -> com.mchange.v2.c3p0.impl.DefaultConnectionTester, contextClassLoaderSource -> caller, debugUnreturnedConnectionStackTraces -> false, factoryClassLocation -> null, forceIgnoreUnresolvedTransactions -> false, forceSynchronousCheckins -> false, identityToken -> 1hge0yxak12n64sdnf8kut|b91b3ed, idleConnectionTestPeriod -> 0, initialPoolSize -> 5, maxAdministrativeTaskTime -> 0, maxConnectionAge -> 0, maxIdleTime -> 1800, maxIdleTimeExcessConnections -> 0, maxPoolSize -> 20, maxStatements -> 150, maxStatementsPerConnection -> 0, minPoolSize -> 5, nestedDataSource -> com.mchange.v2.c3p0.DriverManagerDataSource@52f94af0 [ description -> null, driverClass -> null, factoryClassLocation -> null, forceUseNamedDriverClass -> false, identityToken -> 1hge0yxak12n64sdnf8kut|7f0a0f43, jdbcUrl -> jdbc:postgresql://localhost:5432/Group, properties -> {password=******, user=******} ], preferredTestQuery -> null, privilegeSpawnedThreads -> false, propertyCycle -> 0, statementCacheNumDeferredCloseThreads -> 0, testConnectionOnCheckin -> false, testConnectionOnCheckout -> false, unreturnedConnectionTimeout -> 0, usesTraditionalReflectiveProxies -> false; userOverrides: {} ], dataSourceName -> null, extensions -> {}, factoryClassLocation -> null, identityToken -> 1hge0yxak12n64sdnf8kut|609fc6e3, numHelperThreads -> 3 ]
Oct 17, 2021 1:43:28 AM org.hibernate.dialect.Dialect <init>
INFO: HHH000400: Using dialect: org.hibernate.dialect.PostgreSQL10Dialect
Oct 17, 2021 1:43:28 AM org.hibernate.resource.transaction.backend.jdbc.internal.DdlTransactionIsolatorNonJtaImpl getIsolatedConnection
INFO: HHH10001501: Connection obtained from JdbcConnectionAccess [org.hibernate.engine.jdbc.env.internal.JdbcEnvironmentInitiator$ConnectionProviderJdbcConnectionAccess@2de36bef] for (non-JTA) DDL execution was not in auto-commit mode; the Connection 'local transaction' will be committed and the Connection will be set into auto-commit mode.
Oct 17, 2021 1:43:28 AM org.hibernate.engine.transaction.jta.platform.internal.JtaPlatformInitiator initiateService
INFO: HHH000490: Using JtaPlatform implementation: [org.hibernate.engine.transaction.jta.platform.internal.NoJtaPlatform]
]]></system-err>
</testsuite>
