<?xml version="1.0" encoding="UTF-8"?>
<testsuite name="com.mygroup.project.dao.GroupDaoTest" tests="5" skipped="0" failures="0" errors="0" timestamp="2021-10-16T22:43:26" hostname="DESKTOP-AXUENNI" time="0.559">
  <properties/>
  <testcase name="testDeleteGroupDao on null(com.mygroup.project.dao.GroupDaoTest)" classname="com.mygroup.project.dao.GroupDaoTest" time="0.203"/>
  <testcase name="testGetGroupDao on null(com.mygroup.project.dao.GroupDaoTest)" classname="com.mygroup.project.dao.GroupDaoTest" time="0.016"/>
  <testcase name="testListGroupDao on null(com.mygroup.project.dao.GroupDaoTest)" classname="com.mygroup.project.dao.GroupDaoTest" time="0.297"/>
  <testcase name="testSaveGroupDao on null(com.mygroup.project.dao.GroupDaoTest)" classname="com.mygroup.project.dao.GroupDaoTest" time="0.015"/>
  <testcase name="testUpdateGroupDao on null(com.mygroup.project.dao.GroupDaoTest)" classname="com.mygroup.project.dao.GroupDaoTest" time="0.028"/>
  <system-out><![CDATA[Hibernate: insert into groups (create_date, title) values (?, ?)
=============== GroupDao Delete ===============
group: Group [id=45, title=Group 1, create_date=null]
Hibernate: select group0_.id as id1_0_0_, group0_.create_date as create_d2_0_0_, group0_.title as title3_0_0_ from groups group0_ where group0_.id=?
Hibernate: delete from groups where id=?
Hibernate: select group0_.id as id1_0_0_, group0_.create_date as create_d2_0_0_, group0_.title as title3_0_0_ from groups group0_ where group0_.id=?
group: 45
====================================================
Hibernate: insert into groups (create_date, title) values (?, ?)
Hibernate: select group0_.id as id1_0_0_, group0_.create_date as create_d2_0_0_, group0_.title as title3_0_0_ from groups group0_ where group0_.id=?
=============== GroupDao Get ===============
expected: Group [id=46, title=First2, create_date=null]
actual: Group [id=46, title=First2, create_date=null]
==================================================
Hibernate: select group0_.id as id1_0_0_, group0_.create_date as create_d2_0_0_, group0_.title as title3_0_0_ from groups group0_ where group0_.id=?
Hibernate: delete from groups where id=?
Hibernate: insert into groups (create_date, title) values (?, ?)
Hibernate: insert into groups (create_date, title) values (?, ?)
Hibernate: select group0_.id as id1_0_, group0_.create_date as create_d2_0_, group0_.title as title3_0_ from groups group0_
=============== GroupDao List ===============
Actual List: [Group [id=47, title=Group 1, create_date=null], Group [id=48, title=Group 2, create_date=null], Group [id=1, title=Group 1, create_date=2021-10-15T16:35:06], Group [id=2, title=Group 2, create_date=2021-10-15T16:35:13]]
==================================================
Hibernate: select group0_.id as id1_0_0_, group0_.create_date as create_d2_0_0_, group0_.title as title3_0_0_ from groups group0_ where group0_.id=?
Hibernate: delete from groups where id=?
Hibernate: select group0_.id as id1_0_0_, group0_.create_date as create_d2_0_0_, group0_.title as title3_0_0_ from groups group0_ where group0_.id=?
Hibernate: delete from groups where id=?
Hibernate: insert into groups (create_date, title) values (?, ?)
Hibernate: select group0_.id as id1_0_0_, group0_.create_date as create_d2_0_0_, group0_.title as title3_0_0_ from groups group0_ where group0_.id=?
=============== GroupDao Save ===============
expected: Group [id=49, title=Group 1, create_date=null]
actual: Group [id=49, title=Group 1, create_date=null]
================================================
Hibernate: select group0_.id as id1_0_0_, group0_.create_date as create_d2_0_0_, group0_.title as title3_0_0_ from groups group0_ where group0_.id=?
Hibernate: delete from groups where id=?
Hibernate: insert into groups (create_date, title) values (?, ?)
Hibernate: select group0_.id as id1_0_0_, group0_.create_date as create_d2_0_0_, group0_.title as title3_0_0_ from groups group0_ where group0_.id=?
Hibernate: select group0_.id as id1_0_0_, group0_.create_date as create_d2_0_0_, group0_.title as title3_0_0_ from groups group0_ where group0_.id=?
Hibernate: update groups set create_date=?, title=? where id=?
Hibernate: select group0_.id as id1_0_0_, group0_.create_date as create_d2_0_0_, group0_.title as title3_0_0_ from groups group0_ where group0_.id=?
=============== GroupDao Update ===============
group: Group [id=50, title=Group 1, create_date=null]
expected: Group [id=50, title=Group 2, create_date=null]
actual: Group [id=50, title=Group 2, create_date=null]
====================================================
Hibernate: select group0_.id as id1_0_0_, group0_.create_date as create_d2_0_0_, group0_.title as title3_0_0_ from groups group0_ where group0_.id=?
Hibernate: delete from groups where id=?
]]></system-out>
  <system-err><![CDATA[Oct 17, 2021 1:43:23 AM org.hibernate.Version logVersion
INFO: HHH000412: Hibernate ORM core version 5.5.7.Final
Oct 17, 2021 1:43:24 AM org.hibernate.annotations.common.reflection.java.JavaReflectionManager <clinit>
INFO: HCANN000001: Hibernate Commons Annotations {5.1.2.Final}
Oct 17, 2021 1:43:24 AM org.hibernate.c3p0.internal.C3P0ConnectionProvider configure
INFO: HHH010002: C3P0 using driver: org.postgresql.Driver at URL: jdbc:postgresql://localhost:5432/Group
Oct 17, 2021 1:43:24 AM org.hibernate.c3p0.internal.C3P0ConnectionProvider configure
INFO: HHH10001001: Connection properties: {password=****, user=postgres}
Oct 17, 2021 1:43:24 AM org.hibernate.c3p0.internal.C3P0ConnectionProvider configure
INFO: HHH10001003: Autocommit mode: false
Oct 17, 2021 1:43:24 AM com.mchange.v2.log.MLog 
INFO: MLog clients using java 1.4+ standard logging.
Oct 17, 2021 1:43:24 AM com.mchange.v2.c3p0.C3P0Registry 
INFO: Initializing c3p0-0.9.5.5 [built 11-December-2019 22:18:33 -0800; debug? true; trace: 10]
Oct 17, 2021 1:43:24 AM org.hibernate.c3p0.internal.C3P0ConnectionProvider configure
INFO: HHH10001007: JDBC isolation level: <unknown>
Oct 17, 2021 1:43:24 AM com.mchange.v2.c3p0.impl.AbstractPoolBackedDataSource 
INFO: Initializing c3p0 pool... com.mchange.v2.c3p0.PoolBackedDataSource@1267e984 [ connectionPoolDataSource -> com.mchange.v2.c3p0.WrapperConnectionPoolDataSource@1dc06421 [ acquireIncrement -> 1, acquireRetryAttempts -> 30, acquireRetryDelay -> 1000, autoCommitOnClose -> false, automaticTestTable -> null, breakAfterAcquireFailure -> false, checkoutTimeout -> 0, connectionCustomizerClassName -> null, connectionTesterClassName -> com.mchange.v2.c3p0.impl.DefaultConnectionTester, contextClassLoaderSource -> caller, debugUnreturnedConnectionStackTraces -> false, factoryClassLocation -> null, forceIgnoreUnresolvedTransactions -> false, forceSynchronousCheckins -> false, identityToken -> 1hge0yxak12n64sdnf8kut|3e774aaf, idleConnectionTestPeriod -> 0, initialPoolSize -> 5, maxAdministrativeTaskTime -> 0, maxConnectionAge -> 0, maxIdleTime -> 1800, maxIdleTimeExcessConnections -> 0, maxPoolSize -> 20, maxStatements -> 150, maxStatementsPerConnection -> 0, minPoolSize -> 5, nestedDataSource -> com.mchange.v2.c3p0.DriverManagerDataSource@e245bcf1 [ description -> null, driverClass -> null, factoryClassLocation -> null, forceUseNamedDriverClass -> false, identityToken -> 1hge0yxak12n64sdnf8kut|68f93db0, jdbcUrl -> jdbc:postgresql://localhost:5432/Group, properties -> {password=******, user=******} ], preferredTestQuery -> null, privilegeSpawnedThreads -> false, propertyCycle -> 0, statementCacheNumDeferredCloseThreads -> 0, testConnectionOnCheckin -> false, testConnectionOnCheckout -> false, unreturnedConnectionTimeout -> 0, usesTraditionalReflectiveProxies -> false; userOverrides: {} ], dataSourceName -> null, extensions -> {}, factoryClassLocation -> null, identityToken -> 1hge0yxak12n64sdnf8kut|431fe794, numHelperThreads -> 3 ]
Oct 17, 2021 1:43:25 AM org.hibernate.dialect.Dialect <init>
INFO: HHH000400: Using dialect: org.hibernate.dialect.PostgreSQL10Dialect
Oct 17, 2021 1:43:26 AM org.hibernate.resource.transaction.backend.jdbc.internal.DdlTransactionIsolatorNonJtaImpl getIsolatedConnection
INFO: HHH10001501: Connection obtained from JdbcConnectionAccess [org.hibernate.engine.jdbc.env.internal.JdbcEnvironmentInitiator$ConnectionProviderJdbcConnectionAccess@40cc4e72] for (non-JTA) DDL execution was not in auto-commit mode; the Connection 'local transaction' will be committed and the Connection will be set into auto-commit mode.
Oct 17, 2021 1:43:26 AM org.hibernate.engine.transaction.jta.platform.internal.JtaPlatformInitiator initiateService
INFO: HHH000490: Using JtaPlatform implementation: [org.hibernate.engine.transaction.jta.platform.internal.NoJtaPlatform]
]]></system-err>
</testsuite>
