<?xml version="1.0" encoding="UTF-8"?>
<testsuite name="com.mygroup.project.dao.StudentDaoTest" tests="5" skipped="0" failures="0" errors="0" timestamp="2021-10-16T22:43:27" hostname="DESKTOP-AXUENNI" time="0.16">
  <properties/>
  <testcase name="testDeleteStudentDao on null(com.mygroup.project.dao.StudentDaoTest)" classname="com.mygroup.project.dao.StudentDaoTest" time="0.087"/>
  <testcase name="testGetStudentDao on null(com.mygroup.project.dao.StudentDaoTest)" classname="com.mygroup.project.dao.StudentDaoTest" time="0.016"/>
  <testcase name="testListStudentDao on null(com.mygroup.project.dao.StudentDaoTest)" classname="com.mygroup.project.dao.StudentDaoTest" time="0.026"/>
  <testcase name="testSaveStudentDao on null(com.mygroup.project.dao.StudentDaoTest)" classname="com.mygroup.project.dao.StudentDaoTest" time="0.0"/>
  <testcase name="testUpdateStudentDao on null(com.mygroup.project.dao.StudentDaoTest)" classname="com.mygroup.project.dao.StudentDaoTest" time="0.031"/>
  <system-out><![CDATA[Hibernate: insert into students (average_Rank, create_date, first_name, group_id, last_name) values (?, ?, ?, ?, ?)
=============== StudentDao Delete ===============
student: Student [id=49, firstName=BLA, lastName=BLA, create_date=null, averageRank=null, group=null]
Hibernate: select student0_.id as id1_1_0_, student0_.average_Rank as average_2_1_0_, student0_.create_date as create_d3_1_0_, student0_.first_name as first_na4_1_0_, student0_.group_id as group_id6_1_0_, student0_.last_name as last_nam5_1_0_, group1_.id as id1_0_1_, group1_.create_date as create_d2_0_1_, group1_.title as title3_0_1_ from students student0_ left outer join groups group1_ on student0_.group_id=group1_.id where student0_.id=?
Hibernate: delete from students where id=?
Hibernate: select student0_.id as id1_1_0_, student0_.average_Rank as average_2_1_0_, student0_.create_date as create_d3_1_0_, student0_.first_name as first_na4_1_0_, student0_.group_id as group_id6_1_0_, student0_.last_name as last_nam5_1_0_, group1_.id as id1_0_1_, group1_.create_date as create_d2_0_1_, group1_.title as title3_0_1_ from students student0_ left outer join groups group1_ on student0_.group_id=group1_.id where student0_.id=?
Hibernate: select student0_.id as id1_1_0_, student0_.average_Rank as average_2_1_0_, student0_.create_date as create_d3_1_0_, student0_.first_name as first_na4_1_0_, student0_.group_id as group_id6_1_0_, student0_.last_name as last_nam5_1_0_, group1_.id as id1_0_1_, group1_.create_date as create_d2_0_1_, group1_.title as title3_0_1_ from students student0_ left outer join groups group1_ on student0_.group_id=group1_.id where student0_.id=?
student: null
====================================================
Hibernate: insert into students (average_Rank, create_date, first_name, group_id, last_name) values (?, ?, ?, ?, ?)
Hibernate: select student0_.id as id1_1_0_, student0_.average_Rank as average_2_1_0_, student0_.create_date as create_d3_1_0_, student0_.first_name as first_na4_1_0_, student0_.group_id as group_id6_1_0_, student0_.last_name as last_nam5_1_0_, group1_.id as id1_0_1_, group1_.create_date as create_d2_0_1_, group1_.title as title3_0_1_ from students student0_ left outer join groups group1_ on student0_.group_id=group1_.id where student0_.id=?
=============== StudentDao Get ===============
expected: Student [id=50, firstName=First2, lastName=Last2, create_date=null, averageRank=null, group=null]
actual: Student [id=50, firstName=First2, lastName=Last2, create_date=null, averageRank=null, group=null]
==================================================
Hibernate: select student0_.id as id1_1_0_, student0_.average_Rank as average_2_1_0_, student0_.create_date as create_d3_1_0_, student0_.first_name as first_na4_1_0_, student0_.group_id as group_id6_1_0_, student0_.last_name as last_nam5_1_0_, group1_.id as id1_0_1_, group1_.create_date as create_d2_0_1_, group1_.title as title3_0_1_ from students student0_ left outer join groups group1_ on student0_.group_id=group1_.id where student0_.id=?
Hibernate: delete from students where id=?
Hibernate: insert into students (average_Rank, create_date, first_name, group_id, last_name) values (?, ?, ?, ?, ?)
Hibernate: insert into students (average_Rank, create_date, first_name, group_id, last_name) values (?, ?, ?, ?, ?)
Hibernate: select student0_.id as id1_1_, student0_.average_Rank as average_2_1_, student0_.create_date as create_d3_1_, student0_.first_name as first_na4_1_, student0_.group_id as group_id6_1_, student0_.last_name as last_nam5_1_ from students student0_
Hibernate: select group0_.id as id1_0_0_, group0_.create_date as create_d2_0_0_, group0_.title as title3_0_0_ from groups group0_ where group0_.id=?
Hibernate: select group0_.id as id1_0_0_, group0_.create_date as create_d2_0_0_, group0_.title as title3_0_0_ from groups group0_ where group0_.id=?
=============== StudentDao List ===============
Actual List: [Student [id=51, firstName=Sasha, lastName=LastName, create_date=null, averageRank=null, group=null], Student [id=52, firstName=Alex, lastName=LastName, create_date=null, averageRank=null, group=null], Student [id=1, firstName=First 1, lastName=Last 1, create_date=2021-10-15T16:34:49, averageRank=5.0, group=Group [id=1, title=Group 1, create_date=2021-10-15T16:35:06]], Student [id=2, firstName=First 2, lastName=Last 2, create_date=2021-10-15T16:35:27, averageRank=4.0, group=Group [id=1, title=Group 1, create_date=2021-10-15T16:35:06]], Student [id=3, firstName=First 3, lastName=Last 3, create_date=2021-10-15T16:35:40, averageRank=3.0, group=Group [id=2, title=Group 2, create_date=2021-10-15T16:35:13]]]
==================================================
Hibernate: select student0_.id as id1_1_0_, student0_.average_Rank as average_2_1_0_, student0_.create_date as create_d3_1_0_, student0_.first_name as first_na4_1_0_, student0_.group_id as group_id6_1_0_, student0_.last_name as last_nam5_1_0_, group1_.id as id1_0_1_, group1_.create_date as create_d2_0_1_, group1_.title as title3_0_1_ from students student0_ left outer join groups group1_ on student0_.group_id=group1_.id where student0_.id=?
Hibernate: delete from students where id=?
Hibernate: select student0_.id as id1_1_0_, student0_.average_Rank as average_2_1_0_, student0_.create_date as create_d3_1_0_, student0_.first_name as first_na4_1_0_, student0_.group_id as group_id6_1_0_, student0_.last_name as last_nam5_1_0_, group1_.id as id1_0_1_, group1_.create_date as create_d2_0_1_, group1_.title as title3_0_1_ from students student0_ left outer join groups group1_ on student0_.group_id=group1_.id where student0_.id=?
Hibernate: delete from students where id=?
Hibernate: insert into students (average_Rank, create_date, first_name, group_id, last_name) values (?, ?, ?, ?, ?)
Hibernate: select student0_.id as id1_1_0_, student0_.average_Rank as average_2_1_0_, student0_.create_date as create_d3_1_0_, student0_.first_name as first_na4_1_0_, student0_.group_id as group_id6_1_0_, student0_.last_name as last_nam5_1_0_, group1_.id as id1_0_1_, group1_.create_date as create_d2_0_1_, group1_.title as title3_0_1_ from students student0_ left outer join groups group1_ on student0_.group_id=group1_.id where student0_.id=?
=============== StudentDao Save ===============
expected: Student [id=53, firstName=First2, lastName=Last2, create_date=null, averageRank=null, group=null]
actual: Student [id=53, firstName=First2, lastName=Last2, create_date=null, averageRank=null, group=null]
==================================================
Hibernate: select student0_.id as id1_1_0_, student0_.average_Rank as average_2_1_0_, student0_.create_date as create_d3_1_0_, student0_.first_name as first_na4_1_0_, student0_.group_id as group_id6_1_0_, student0_.last_name as last_nam5_1_0_, group1_.id as id1_0_1_, group1_.create_date as create_d2_0_1_, group1_.title as title3_0_1_ from students student0_ left outer join groups group1_ on student0_.group_id=group1_.id where student0_.id=?
Hibernate: delete from students where id=?
Hibernate: insert into students (average_Rank, create_date, first_name, group_id, last_name) values (?, ?, ?, ?, ?)
Hibernate: select student0_.id as id1_1_0_, student0_.average_Rank as average_2_1_0_, student0_.create_date as create_d3_1_0_, student0_.first_name as first_na4_1_0_, student0_.group_id as group_id6_1_0_, student0_.last_name as last_nam5_1_0_, group1_.id as id1_0_1_, group1_.create_date as create_d2_0_1_, group1_.title as title3_0_1_ from students student0_ left outer join groups group1_ on student0_.group_id=group1_.id where student0_.id=?
Hibernate: select student0_.id as id1_1_0_, student0_.average_Rank as average_2_1_0_, student0_.create_date as create_d3_1_0_, student0_.first_name as first_na4_1_0_, student0_.group_id as group_id6_1_0_, student0_.last_name as last_nam5_1_0_, group1_.id as id1_0_1_, group1_.create_date as create_d2_0_1_, group1_.title as title3_0_1_ from students student0_ left outer join groups group1_ on student0_.group_id=group1_.id where student0_.id=?
Hibernate: update students set average_Rank=?, create_date=?, first_name=?, group_id=?, last_name=? where id=?
Hibernate: select student0_.id as id1_1_0_, student0_.average_Rank as average_2_1_0_, student0_.create_date as create_d3_1_0_, student0_.first_name as first_na4_1_0_, student0_.group_id as group_id6_1_0_, student0_.last_name as last_nam5_1_0_, group1_.id as id1_0_1_, group1_.create_date as create_d2_0_1_, group1_.title as title3_0_1_ from students student0_ left outer join groups group1_ on student0_.group_id=group1_.id where student0_.id=?
=============== StudentDao Update ===============
student: Student [id=54, firstName=Ivan, lastName=Third, create_date=null, averageRank=null, group=null]
expected: Student [id=54, firstName=Navi, lastName=Third, create_date=null, averageRank=null, group=null]
actual: Student [id=54, firstName=Navi, lastName=Third, create_date=null, averageRank=null, group=null]
====================================================
Hibernate: select student0_.id as id1_1_0_, student0_.average_Rank as average_2_1_0_, student0_.create_date as create_d3_1_0_, student0_.first_name as first_na4_1_0_, student0_.group_id as group_id6_1_0_, student0_.last_name as last_nam5_1_0_, group1_.id as id1_0_1_, group1_.create_date as create_d2_0_1_, group1_.title as title3_0_1_ from students student0_ left outer join groups group1_ on student0_.group_id=group1_.id where student0_.id=?
Hibernate: delete from students where id=?
]]></system-out>
  <system-err><![CDATA[Oct 17, 2021 1:43:27 AM org.hibernate.c3p0.internal.C3P0ConnectionProvider configure
INFO: HHH010002: C3P0 using driver: org.postgresql.Driver at URL: jdbc:postgresql://localhost:5432/Group
Oct 17, 2021 1:43:27 AM org.hibernate.c3p0.internal.C3P0ConnectionProvider configure
INFO: HHH10001001: Connection properties: {password=****, user=postgres}
Oct 17, 2021 1:43:27 AM org.hibernate.c3p0.internal.C3P0ConnectionProvider configure
INFO: HHH10001003: Autocommit mode: false
Oct 17, 2021 1:43:27 AM org.hibernate.c3p0.internal.C3P0ConnectionProvider configure
INFO: HHH10001007: JDBC isolation level: <unknown>
Oct 17, 2021 1:43:27 AM com.mchange.v2.c3p0.impl.AbstractPoolBackedDataSource 
INFO: Initializing c3p0 pool... com.mchange.v2.c3p0.PoolBackedDataSource@23dfdc8c [ connectionPoolDataSource -> com.mchange.v2.c3p0.WrapperConnectionPoolDataSource@3cf62c8c [ acquireIncrement -> 1, acquireRetryAttempts -> 30, acquireRetryDelay -> 1000, autoCommitOnClose -> false, automaticTestTable -> null, breakAfterAcquireFailure -> false, checkoutTimeout -> 0, connectionCustomizerClassName -> null, connectionTesterClassName -> com.mchange.v2.c3p0.impl.DefaultConnectionTester, contextClassLoaderSource -> caller, debugUnreturnedConnectionStackTraces -> false, factoryClassLocation -> null, forceIgnoreUnresolvedTransactions -> false, forceSynchronousCheckins -> false, identityToken -> 1hge0yxak12n64sdnf8kut|4ad22011, idleConnectionTestPeriod -> 0, initialPoolSize -> 5, maxAdministrativeTaskTime -> 0, maxConnectionAge -> 0, maxIdleTime -> 1800, maxIdleTimeExcessConnections -> 0, maxPoolSize -> 20, maxStatements -> 150, maxStatementsPerConnection -> 0, minPoolSize -> 5, nestedDataSource -> com.mchange.v2.c3p0.DriverManagerDataSource@b6c250de [ description -> null, driverClass -> null, factoryClassLocation -> null, forceUseNamedDriverClass -> false, identityToken -> 1hge0yxak12n64sdnf8kut|19e413b0, jdbcUrl -> jdbc:postgresql://localhost:5432/Group, properties -> {password=******, user=******} ], preferredTestQuery -> null, privilegeSpawnedThreads -> false, propertyCycle -> 0, statementCacheNumDeferredCloseThreads -> 0, testConnectionOnCheckin -> false, testConnectionOnCheckout -> false, unreturnedConnectionTimeout -> 0, usesTraditionalReflectiveProxies -> false; userOverrides: {} ], dataSourceName -> null, extensions -> {}, factoryClassLocation -> null, identityToken -> 1hge0yxak12n64sdnf8kut|6d214bfd, numHelperThreads -> 3 ]
Oct 17, 2021 1:43:27 AM org.hibernate.dialect.Dialect <init>
INFO: HHH000400: Using dialect: org.hibernate.dialect.PostgreSQL10Dialect
Oct 17, 2021 1:43:27 AM org.hibernate.resource.transaction.backend.jdbc.internal.DdlTransactionIsolatorNonJtaImpl getIsolatedConnection
INFO: HHH10001501: Connection obtained from JdbcConnectionAccess [org.hibernate.engine.jdbc.env.internal.JdbcEnvironmentInitiator$ConnectionProviderJdbcConnectionAccess@37c4cb18] for (non-JTA) DDL execution was not in auto-commit mode; the Connection 'local transaction' will be committed and the Connection will be set into auto-commit mode.
Oct 17, 2021 1:43:27 AM org.hibernate.engine.transaction.jta.platform.internal.JtaPlatformInitiator initiateService
INFO: HHH000490: Using JtaPlatform implementation: [org.hibernate.engine.transaction.jta.platform.internal.NoJtaPlatform]
]]></system-err>
</testsuite>
