<?xml version="1.0" encoding="UTF-8"?>
<testsuite name="StudentTests.StudentTest" tests="1" skipped="0" failures="0" errors="0" timestamp="2021-10-14T11:01:36" hostname="DESKTOP-AXUENNI" time="0.015">
  <properties/>
  <testcase name="testAdd()" classname="StudentTests.StudentTest" time="0.015"/>
  <system-out><![CDATA[BEFOREALL !@#!@$@!$!@#!%#
|||||||||||||||||||||||||||
test1
]]></system-out>
  <system-err><![CDATA[]]></system-err>
</testsuite>
