<?xml version="1.0" encoding="UTF-8"?>
<testsuite name="com.mygroup.project.service.StudentServiceTest" tests="1" skipped="0" failures="0" errors="0" timestamp="2021-10-21T11:37:58" hostname="DESKTOP-AXUENNI" time="0.023">
  <properties/>
  <testcase name="testSaveStudentService" classname="com.mygroup.project.service.StudentServiceTest" time="0.023"/>
  <system-out><![CDATA[]]></system-out>
  <system-err><![CDATA[]]></system-err>
</testsuite>
